<?xml version="1.0" encoding="UTF-8"?>
<!-- Generated by org.testng.reporters.JUnitReportReporter -->
<testsuite hostname="INBook_X1" failures="0" tests="1" name="test.RegisterTestPomImplementation" time="60.312" errors="0" timestamp="22 May 2024 17:43:34 GMT" skipped="0">
  <testcase classname="test.RegisterTestPomImplementation" name="HomePageTest" time="60.312"/>
</testsuite> <!-- test.RegisterTestPomImplementation -->
