<?xml version="1.0" encoding="UTF-8"?>
<!-- Generated by org.testng.reporters.JUnitReportReporter -->
<testsuite hostname="INBook_X1" failures="0" tests="1" name="test.RefgisterPageTest" time="75.395" errors="0" timestamp="25 May 2024 16:42:00 GMT" skipped="0">
  <testcase classname="test.RefgisterPageTest" name="test1" time="75.395"/>
</testsuite> <!-- test.RefgisterPageTest -->
