<?xml version="1.0" encoding="UTF-8"?>
<!-- Generated by org.testng.reporters.JUnitReportReporter -->
<testsuite hostname="INBook_X1" failures="0" tests="1" name="test.RefgisterPageTest" time="79.501" errors="0" timestamp="21 May 2024 18:01:35 GMT" skipped="0">
  <testcase classname="test.RefgisterPageTest" name="test1" time="79.501"/>
</testsuite> <!-- test.RefgisterPageTest -->
